Analysis & Synthesis report for datapath
Tue Nov 19 06:36:49 2019
Quartus II 32-bit Version 13.0.1 Build 232 06/12/2013 Service Pack 1 SJ Web Edition


---------------------
; Table of Contents ;
---------------------
  1. Legal Notice
  2. Analysis & Synthesis Summary
  3. Analysis & Synthesis Settings
  4. Parallel Compilation
  5. Analysis & Synthesis Source Files Read
  6. Analysis & Synthesis Resource Usage Summary
  7. Analysis & Synthesis Resource Utilization by Entity
  8. Analysis & Synthesis RAM Summary
  9. Analysis & Synthesis IP Cores Summary
 10. Registers Removed During Synthesis
 11. General Register Statistics
 12. Multiplexer Restructuring Statistics (Restructuring Performed)
 13. Source assignments for men_dados:md|altsyncram:altsyncram_component|altsyncram_19g1:auto_generated
 14. Source assignments for men_prog:mp|altsyncram:altsyncram_component|altsyncram_8da1:auto_generated
 15. Parameter Settings for User Entity Instance: men_dados:md|altsyncram:altsyncram_component
 16. Parameter Settings for User Entity Instance: men_prog:mp|altsyncram:altsyncram_component
 17. altsyncram Parameter Settings by Entity Instance
 18. Port Connectivity Checks: "reg8_l:reg_r0"
 19. Elapsed Time Per Partition
 20. Analysis & Synthesis Messages



----------------
; Legal Notice ;
----------------
Copyright (C) 1991-2013 Altera Corporation
Your use of Altera Corporation's design tools, logic functions 
and other software and tools, and its AMPP partner logic 
functions, and any output files from any of the foregoing 
(including device programming or simulation files), and any 
associated documentation or information are expressly subject 
to the terms and conditions of the Altera Program License 
Subscription Agreement, Altera MegaCore Function License 
Agreement, or other applicable license agreement, including, 
without limitation, that your use is for the sole purpose of 
programming logic devices manufactured by Altera and sold by 
Altera or its authorized distributors.  Please refer to the 
applicable agreement for further details.



+--------------------------------------------------------------------------------------+
; Analysis & Synthesis Summary                                                         ;
+------------------------------------+-------------------------------------------------+
; Analysis & Synthesis Status        ; Successful - Tue Nov 19 06:36:48 2019           ;
; Quartus II 32-bit Version          ; 13.0.1 Build 232 06/12/2013 SP 1 SJ Web Edition ;
; Revision Name                      ; datapath                                        ;
; Top-level Entity Name              ; datapath                                        ;
; Family                             ; Cyclone IV GX                                   ;
; Total logic elements               ; 324                                             ;
;     Total combinational functions  ; 268                                             ;
;     Dedicated logic registers      ; 95                                              ;
; Total registers                    ; 95                                              ;
; Total pins                         ; 82                                              ;
; Total virtual pins                 ; 0                                               ;
; Total memory bits                  ; 18,432                                          ;
; Embedded Multiplier 9-bit elements ; 0                                               ;
; Total GXB Receiver Channel PCS     ; 0                                               ;
; Total GXB Receiver Channel PMA     ; 0                                               ;
; Total GXB Transmitter Channel PCS  ; 0                                               ;
; Total GXB Transmitter Channel PMA  ; 0                                               ;
; Total PLLs                         ; 0                                               ;
+------------------------------------+-------------------------------------------------+


+----------------------------------------------------------------------------------------------------------------------+
; Analysis & Synthesis Settings                                                                                        ;
+----------------------------------------------------------------------------+--------------------+--------------------+
; Option                                                                     ; Setting            ; Default Value      ;
+----------------------------------------------------------------------------+--------------------+--------------------+
; Top-level entity name                                                      ; datapath           ; datapath           ;
; Family name                                                                ; Cyclone IV GX      ; Cyclone IV GX      ;
; Use smart compilation                                                      ; Off                ; Off                ;
; Enable parallel Assembler and TimeQuest Timing Analyzer during compilation ; On                 ; On                 ;
; Enable compact report table                                                ; Off                ; Off                ;
; Restructure Multiplexers                                                   ; Auto               ; Auto               ;
; Create Debugging Nodes for IP Cores                                        ; Off                ; Off                ;
; Preserve fewer node names                                                  ; On                 ; On                 ;
; Disable OpenCore Plus hardware evaluation                                  ; Off                ; Off                ;
; Verilog Version                                                            ; Verilog_2001       ; Verilog_2001       ;
; VHDL Version                                                               ; VHDL_1993          ; VHDL_1993          ;
; State Machine Processing                                                   ; Auto               ; Auto               ;
; Safe State Machine                                                         ; Off                ; Off                ;
; Extract Verilog State Machines                                             ; On                 ; On                 ;
; Extract VHDL State Machines                                                ; On                 ; On                 ;
; Ignore Verilog initial constructs                                          ; Off                ; Off                ;
; Iteration limit for constant Verilog loops                                 ; 5000               ; 5000               ;
; Iteration limit for non-constant Verilog loops                             ; 250                ; 250                ;
; Add Pass-Through Logic to Inferred RAMs                                    ; On                 ; On                 ;
; Infer RAMs from Raw Logic                                                  ; On                 ; On                 ;
; Parallel Synthesis                                                         ; On                 ; On                 ;
; DSP Block Balancing                                                        ; Auto               ; Auto               ;
; NOT Gate Push-Back                                                         ; On                 ; On                 ;
; Power-Up Don't Care                                                        ; On                 ; On                 ;
; Remove Redundant Logic Cells                                               ; Off                ; Off                ;
; Remove Duplicate Registers                                                 ; On                 ; On                 ;
; Ignore CARRY Buffers                                                       ; Off                ; Off                ;
; Ignore CASCADE Buffers                                                     ; Off                ; Off                ;
; Ignore GLOBAL Buffers                                                      ; Off                ; Off                ;
; Ignore ROW GLOBAL Buffers                                                  ; Off                ; Off                ;
; Ignore LCELL Buffers                                                       ; Off                ; Off                ;
; Ignore SOFT Buffers                                                        ; On                 ; On                 ;
; Limit AHDL Integers to 32 Bits                                             ; Off                ; Off                ;
; Optimization Technique                                                     ; Balanced           ; Balanced           ;
; Carry Chain Length                                                         ; 70                 ; 70                 ;
; Auto Carry Chains                                                          ; On                 ; On                 ;
; Auto Open-Drain Pins                                                       ; On                 ; On                 ;
; Perform WYSIWYG Primitive Resynthesis                                      ; Off                ; Off                ;
; Auto ROM Replacement                                                       ; On                 ; On                 ;
; Auto RAM Replacement                                                       ; On                 ; On                 ;
; Auto DSP Block Replacement                                                 ; On                 ; On                 ;
; Auto Shift Register Replacement                                            ; Auto               ; Auto               ;
; Allow Shift Register Merging across Hierarchies                            ; Auto               ; Auto               ;
; Auto Clock Enable Replacement                                              ; On                 ; On                 ;
; Strict RAM Replacement                                                     ; Off                ; Off                ;
; Allow Synchronous Control Signals                                          ; On                 ; On                 ;
; Force Use of Synchronous Clear Signals                                     ; Off                ; Off                ;
; Auto RAM Block Balancing                                                   ; On                 ; On                 ;
; Auto RAM to Logic Cell Conversion                                          ; Off                ; Off                ;
; Auto Resource Sharing                                                      ; Off                ; Off                ;
; Allow Any RAM Size For Recognition                                         ; Off                ; Off                ;
; Allow Any ROM Size For Recognition                                         ; Off                ; Off                ;
; Allow Any Shift Register Size For Recognition                              ; Off                ; Off                ;
; Use LogicLock Constraints during Resource Balancing                        ; On                 ; On                 ;
; Ignore translate_off and synthesis_off directives                          ; Off                ; Off                ;
; Timing-Driven Synthesis                                                    ; On                 ; On                 ;
; Report Parameter Settings                                                  ; On                 ; On                 ;
; Report Source Assignments                                                  ; On                 ; On                 ;
; Report Connectivity Checks                                                 ; On                 ; On                 ;
; Ignore Maximum Fan-Out Assignments                                         ; Off                ; Off                ;
; Synchronization Register Chain Length                                      ; 2                  ; 2                  ;
; PowerPlay Power Optimization                                               ; Normal compilation ; Normal compilation ;
; HDL message level                                                          ; Level2             ; Level2             ;
; Suppress Register Optimization Related Messages                            ; Off                ; Off                ;
; Number of Removed Registers Reported in Synthesis Report                   ; 5000               ; 5000               ;
; Number of Swept Nodes Reported in Synthesis Report                         ; 5000               ; 5000               ;
; Number of Inverted Registers Reported in Synthesis Report                  ; 100                ; 100                ;
; Clock MUX Protection                                                       ; On                 ; On                 ;
; Auto Gated Clock Conversion                                                ; Off                ; Off                ;
; Block Design Naming                                                        ; Auto               ; Auto               ;
; SDC constraint protection                                                  ; Off                ; Off                ;
; Synthesis Effort                                                           ; Auto               ; Auto               ;
; Shift Register Replacement - Allow Asynchronous Clear Signal               ; On                 ; On                 ;
; Pre-Mapping Resynthesis Optimization                                       ; Off                ; Off                ;
; Analysis & Synthesis Message Level                                         ; Medium             ; Medium             ;
; Disable Register Merging Across Hierarchies                                ; Auto               ; Auto               ;
; Resource Aware Inference For Block RAM                                     ; On                 ; On                 ;
; Synthesis Seed                                                             ; 1                  ; 1                  ;
+----------------------------------------------------------------------------+--------------------+--------------------+


Parallel compilation was disabled, but you have multiple processors available. Enable parallel compilation to reduce compilation time.
+-------------------------------------+
; Parallel Compilation                ;
+----------------------------+--------+
; Processors                 ; Number ;
+----------------------------+--------+
; Number detected on machine ; 2      ;
; Maximum allowed            ; 1      ;
+----------------------------+--------+


+-----------------------------------------------------------------------------------------------------------------------------------------------------------------------+
; Analysis & Synthesis Source Files Read                                                                                                                                ;
+----------------------------------+-----------------+------------------------------+-------------------------------------------------------------------------+---------+
; File Name with User-Entered Path ; Used in Netlist ; File Type                    ; File Name with Absolute Path                                            ; Library ;
+----------------------------------+-----------------+------------------------------+-------------------------------------------------------------------------+---------+
; ULA/xor_9.vhd                    ; yes             ; User VHDL File               ; F:/VHDL/DataPath/ULA/xor_9.vhd                                          ;         ;
; ULA/sub_9.vhd                    ; yes             ; User VHDL File               ; F:/VHDL/DataPath/ULA/sub_9.vhd                                          ;         ;
; ULA/srl_9.vhd                    ; yes             ; User VHDL File               ; F:/VHDL/DataPath/ULA/srl_9.vhd                                          ;         ;
; ULA/sra_9.vhd                    ; yes             ; User VHDL File               ; F:/VHDL/DataPath/ULA/sra_9.vhd                                          ;         ;
; ULA/sll_9.vhd                    ; yes             ; User VHDL File               ; F:/VHDL/DataPath/ULA/sll_9.vhd                                          ;         ;
; ULA/or_9.vhd                     ; yes             ; User VHDL File               ; F:/VHDL/DataPath/ULA/or_9.vhd                                           ;         ;
; ULA/mux8x1_9.vhd                 ; yes             ; User VHDL File               ; F:/VHDL/DataPath/ULA/mux8x1_9.vhd                                       ;         ;
; ULA/and_9.vhd                    ; yes             ; User VHDL File               ; F:/VHDL/DataPath/ULA/and_9.vhd                                          ;         ;
; ULA/add_9.vhd                    ; yes             ; User VHDL File               ; F:/VHDL/DataPath/ULA/add_9.vhd                                          ;         ;
; ULA/ula.vhd                      ; yes             ; User VHDL File               ; F:/VHDL/DataPath/ULA/ula.vhd                                            ;         ;
; Memórias/men_prog/men_prog.vhd   ; yes             ; User Wizard-Generated File   ; F:/VHDL/DataPath/Memórias/men_prog/men_prog.vhd                         ;         ;
; Memórias/men_dados/men_dados.vhd ; yes             ; User Wizard-Generated File   ; F:/VHDL/DataPath/Memórias/men_dados/men_dados.vhd                       ;         ;
; reg8_l.vhd                       ; yes             ; User VHDL File               ; F:/VHDL/DataPath/reg8_l.vhd                                             ;         ;
; reg1_l.vhd                       ; yes             ; User VHDL File               ; F:/VHDL/DataPath/reg1_l.vhd                                             ;         ;
; reg16_l.vhd                      ; yes             ; User VHDL File               ; F:/VHDL/DataPath/reg16_l.vhd                                            ;         ;
; reg10_l.vhd                      ; yes             ; User VHDL File               ; F:/VHDL/DataPath/reg10_l.vhd                                            ;         ;
; reg10.vhd                        ; yes             ; User VHDL File               ; F:/VHDL/DataPath/reg10.vhd                                              ;         ;
; mux4x1_8.vhd                     ; yes             ; User VHDL File               ; F:/VHDL/DataPath/mux4x1_8.vhd                                           ;         ;
; mux4x1_10.vhd                    ; yes             ; User VHDL File               ; F:/VHDL/DataPath/mux4x1_10.vhd                                          ;         ;
; mux2x1_8.vhd                     ; yes             ; User VHDL File               ; F:/VHDL/DataPath/mux2x1_8.vhd                                           ;         ;
; inc_10.vhd                       ; yes             ; User VHDL File               ; F:/VHDL/DataPath/inc_10.vhd                                             ;         ;
; comp_8.vhd                       ; yes             ; User VHDL File               ; F:/VHDL/DataPath/comp_8.vhd                                             ;         ;
; add_10.vhd                       ; yes             ; User VHDL File               ; F:/VHDL/DataPath/add_10.vhd                                             ;         ;
; datapath.vhd                     ; yes             ; User VHDL File               ; F:/VHDL/DataPath/datapath.vhd                                           ;         ;
; add_8.vhd                        ; yes             ; User VHDL File               ; F:/VHDL/DataPath/add_8.vhd                                              ;         ;
; altsyncram.tdf                   ; yes             ; Megafunction                 ; c:/altera/13.0sp1/quartus/libraries/megafunctions/altsyncram.tdf        ;         ;
; stratix_ram_block.inc            ; yes             ; Megafunction                 ; c:/altera/13.0sp1/quartus/libraries/megafunctions/stratix_ram_block.inc ;         ;
; lpm_mux.inc                      ; yes             ; Megafunction                 ; c:/altera/13.0sp1/quartus/libraries/megafunctions/lpm_mux.inc           ;         ;
; lpm_decode.inc                   ; yes             ; Megafunction                 ; c:/altera/13.0sp1/quartus/libraries/megafunctions/lpm_decode.inc        ;         ;
; aglobal130.inc                   ; yes             ; Megafunction                 ; c:/altera/13.0sp1/quartus/libraries/megafunctions/aglobal130.inc        ;         ;
; a_rdenreg.inc                    ; yes             ; Megafunction                 ; c:/altera/13.0sp1/quartus/libraries/megafunctions/a_rdenreg.inc         ;         ;
; altrom.inc                       ; yes             ; Megafunction                 ; c:/altera/13.0sp1/quartus/libraries/megafunctions/altrom.inc            ;         ;
; altram.inc                       ; yes             ; Megafunction                 ; c:/altera/13.0sp1/quartus/libraries/megafunctions/altram.inc            ;         ;
; altdpram.inc                     ; yes             ; Megafunction                 ; c:/altera/13.0sp1/quartus/libraries/megafunctions/altdpram.inc          ;         ;
; db/altsyncram_19g1.tdf           ; yes             ; Auto-Generated Megafunction  ; F:/VHDL/DataPath/db/altsyncram_19g1.tdf                                 ;         ;
; db/altsyncram_8da1.tdf           ; yes             ; Auto-Generated Megafunction  ; F:/VHDL/DataPath/db/altsyncram_8da1.tdf                                 ;         ;
+----------------------------------+-----------------+------------------------------+-------------------------------------------------------------------------+---------+


+---------------------------------------------+
; Analysis & Synthesis Resource Usage Summary ;
+--------------------------+------------------+
; Resource                 ; Usage            ;
+--------------------------+------------------+
; I/O pins                 ; 82               ;
; Total memory bits        ; 18432            ;
; DSP block 9-bit elements ; 0                ;
; Maximum fan-out node     ; dp_clk~input     ;
; Maximum fan-out          ; 119              ;
; Total fan-out            ; 1572             ;
; Average fan-out          ; 2.85             ;
+--------------------------+------------------+


+--------------------------------------------------------------------------------------------------------------------------------------------------------------------------------------------------------------------------------------------------------------------------+
; Analysis & Synthesis Resource Utilization by Entity                                                                                                                                                                                                                      ;
+-------------------------------------------+-------------------+--------------+-------------+--------------+---------+-----------+-----------+------+--------------+---------------------------------------------------------------------------------------+--------------+
; Compilation Hierarchy Node                ; LC Combinationals ; LC Registers ; Memory Bits ; DSP Elements ; DSP 9x9 ; DSP 18x18 ; DSP 36x36 ; Pins ; Virtual Pins ; Full Hierarchy Name                                                                   ; Library Name ;
+-------------------------------------------+-------------------+--------------+-------------+--------------+---------+-----------+-----------+------+--------------+---------------------------------------------------------------------------------------+--------------+
; |datapath                                 ; 268 (0)           ; 95 (0)       ; 18432       ; 0            ; 0       ; 0         ; 0         ; 82   ; 0            ; |datapath                                                                             ; work         ;
;    |add_10:add_PC|                        ; 10 (10)           ; 0 (0)        ; 0           ; 0            ; 0       ; 0         ; 0         ; 0    ; 0            ; |datapath|add_10:add_PC                                                               ; work         ;
;    |add_8:add_MD|                         ; 8 (8)             ; 0 (0)        ; 0           ; 0            ; 0       ; 0         ; 0         ; 0    ; 0            ; |datapath|add_8:add_MD                                                                ; work         ;
;    |comp_8:comp|                          ; 20 (20)           ; 0 (0)        ; 0           ; 0            ; 0       ; 0         ; 0         ; 0    ; 0            ; |datapath|comp_8:comp                                                                 ; work         ;
;    |inc_10:inc_PC|                        ; 10 (10)           ; 0 (0)        ; 0           ; 0            ; 0       ; 0         ; 0         ; 0    ; 0            ; |datapath|inc_10:inc_PC                                                               ; work         ;
;    |men_dados:md|                         ; 0 (0)             ; 0 (0)        ; 2048        ; 0            ; 0       ; 0         ; 0         ; 0    ; 0            ; |datapath|men_dados:md                                                                ; work         ;
;       |altsyncram:altsyncram_component|   ; 0 (0)             ; 0 (0)        ; 2048        ; 0            ; 0       ; 0         ; 0         ; 0    ; 0            ; |datapath|men_dados:md|altsyncram:altsyncram_component                                ; work         ;
;          |altsyncram_19g1:auto_generated| ; 0 (0)             ; 0 (0)        ; 2048        ; 0            ; 0       ; 0         ; 0         ; 0    ; 0            ; |datapath|men_dados:md|altsyncram:altsyncram_component|altsyncram_19g1:auto_generated ; work         ;
;    |men_prog:mp|                          ; 0 (0)             ; 0 (0)        ; 16384       ; 0            ; 0       ; 0         ; 0         ; 0    ; 0            ; |datapath|men_prog:mp                                                                 ; work         ;
;       |altsyncram:altsyncram_component|   ; 0 (0)             ; 0 (0)        ; 16384       ; 0            ; 0       ; 0         ; 0         ; 0    ; 0            ; |datapath|men_prog:mp|altsyncram:altsyncram_component                                 ; work         ;
;          |altsyncram_8da1:auto_generated| ; 0 (0)             ; 0 (0)        ; 16384       ; 0            ; 0       ; 0         ; 0         ; 0    ; 0            ; |datapath|men_prog:mp|altsyncram:altsyncram_component|altsyncram_8da1:auto_generated  ; work         ;
;    |mux2x1_8:mux_o2|                      ; 19 (19)           ; 0 (0)        ; 0           ; 0            ; 0       ; 0         ; 0         ; 0    ; 0            ; |datapath|mux2x1_8:mux_o2                                                             ; work         ;
;    |mux4x1_8:mux_i0|                      ; 37 (37)           ; 0 (0)        ; 0           ; 0            ; 0       ; 0         ; 0         ; 0    ; 0            ; |datapath|mux4x1_8:mux_i0                                                             ; work         ;
;    |mux4x1_8:mux_o0|                      ; 16 (16)           ; 0 (0)        ; 0           ; 0            ; 0       ; 0         ; 0         ; 0    ; 0            ; |datapath|mux4x1_8:mux_o0                                                             ; work         ;
;    |reg10:reg_PC|                         ; 31 (31)           ; 10 (10)      ; 0           ; 0            ; 0       ; 0         ; 0         ; 0    ; 0            ; |datapath|reg10:reg_PC                                                                ; work         ;
;    |reg10_l:reg_RP|                       ; 0 (0)             ; 10 (10)      ; 0           ; 0            ; 0       ; 0         ; 0         ; 0    ; 0            ; |datapath|reg10_l:reg_RP                                                              ; work         ;
;    |reg16_l:reg_RI|                       ; 0 (0)             ; 16 (16)      ; 0           ; 0            ; 0       ; 0         ; 0         ; 0    ; 0            ; |datapath|reg16_l:reg_RI                                                              ; work         ;
;    |reg1_l:reg_C|                         ; 6 (6)             ; 1 (1)        ; 0           ; 0            ; 0       ; 0         ; 0         ; 0    ; 0            ; |datapath|reg1_l:reg_C                                                                ; work         ;
;    |reg1_l:reg_O|                         ; 4 (4)             ; 1 (1)        ; 0           ; 0            ; 0       ; 0         ; 0         ; 0    ; 0            ; |datapath|reg1_l:reg_O                                                                ; work         ;
;    |reg1_l:reg_S|                         ; 1 (1)             ; 1 (1)        ; 0           ; 0            ; 0       ; 0         ; 0         ; 0    ; 0            ; |datapath|reg1_l:reg_S                                                                ; work         ;
;    |reg8_l:reg_i0|                        ; 0 (0)             ; 8 (8)        ; 0           ; 0            ; 0       ; 0         ; 0         ; 0    ; 0            ; |datapath|reg8_l:reg_i0                                                               ; work         ;
;    |reg8_l:reg_i1|                        ; 0 (0)             ; 8 (8)        ; 0           ; 0            ; 0       ; 0         ; 0         ; 0    ; 0            ; |datapath|reg8_l:reg_i1                                                               ; work         ;
;    |reg8_l:reg_o0|                        ; 0 (0)             ; 8 (8)        ; 0           ; 0            ; 0       ; 0         ; 0         ; 0    ; 0            ; |datapath|reg8_l:reg_o0                                                               ; work         ;
;    |reg8_l:reg_o1|                        ; 0 (0)             ; 8 (8)        ; 0           ; 0            ; 0       ; 0         ; 0         ; 0    ; 0            ; |datapath|reg8_l:reg_o1                                                               ; work         ;
;    |reg8_l:reg_r1|                        ; 0 (0)             ; 8 (8)        ; 0           ; 0            ; 0       ; 0         ; 0         ; 0    ; 0            ; |datapath|reg8_l:reg_r1                                                               ; work         ;
;    |reg8_l:reg_r2|                        ; 0 (0)             ; 8 (8)        ; 0           ; 0            ; 0       ; 0         ; 0         ; 0    ; 0            ; |datapath|reg8_l:reg_r2                                                               ; work         ;
;    |reg8_l:reg_r3|                        ; 0 (0)             ; 8 (8)        ; 0           ; 0            ; 0       ; 0         ; 0         ; 0    ; 0            ; |datapath|reg8_l:reg_r3                                                               ; work         ;
;    |ula:ula_cmp|                          ; 106 (2)           ; 0 (0)        ; 0           ; 0            ; 0       ; 0         ; 0         ; 0    ; 0            ; |datapath|ula:ula_cmp                                                                 ; work         ;
;       |mux8x1_9:mux_comp|                 ; 30 (30)           ; 0 (0)        ; 0           ; 0            ; 0       ; 0         ; 0         ; 0    ; 0            ; |datapath|ula:ula_cmp|mux8x1_9:mux_comp                                               ; work         ;
;       |sll_9:sll_comp|                    ; 23 (23)           ; 0 (0)        ; 0           ; 0            ; 0       ; 0         ; 0         ; 0    ; 0            ; |datapath|ula:ula_cmp|sll_9:sll_comp                                                  ; work         ;
;       |sra_9:sra_comp|                    ; 14 (14)           ; 0 (0)        ; 0           ; 0            ; 0       ; 0         ; 0         ; 0    ; 0            ; |datapath|ula:ula_cmp|sra_9:sra_comp                                                  ; work         ;
;       |srl_9:srl_comp|                    ; 18 (18)           ; 0 (0)        ; 0           ; 0            ; 0       ; 0         ; 0         ; 0    ; 0            ; |datapath|ula:ula_cmp|srl_9:srl_comp                                                  ; work         ;
;       |sub_9:sub_comp|                    ; 19 (19)           ; 0 (0)        ; 0           ; 0            ; 0       ; 0         ; 0         ; 0    ; 0            ; |datapath|ula:ula_cmp|sub_9:sub_comp                                                  ; work         ;
+-------------------------------------------+-------------------+--------------+-------------+--------------+---------+-----------+-----------+------+--------------+---------------------------------------------------------------------------------------+--------------+
Note: For table entries with two numbers listed, the numbers in parentheses indicate the number of resources of the given type used by the specific entity alone. The numbers listed outside of parentheses indicate the total resources of the given type used by the specific entity and all of its sub-entities in the hierarchy.


+------------------------------------------------------------------------------------------------------------------------------------------------------------------------------------------------+
; Analysis & Synthesis RAM Summary                                                                                                                                                               ;
+----------------------------------------------------------------------------------------+------+-------------+--------------+--------------+--------------+--------------+-------+--------------+
; Name                                                                                   ; Type ; Mode        ; Port A Depth ; Port A Width ; Port B Depth ; Port B Width ; Size  ; MIF          ;
+----------------------------------------------------------------------------------------+------+-------------+--------------+--------------+--------------+--------------+-------+--------------+
; men_dados:md|altsyncram:altsyncram_component|altsyncram_19g1:auto_generated|ALTSYNCRAM ; AUTO ; Single Port ; 256          ; 8            ; --           ; --           ; 2048  ; None         ;
; men_prog:mp|altsyncram:altsyncram_component|altsyncram_8da1:auto_generated|ALTSYNCRAM  ; AUTO ; ROM         ; 1024         ; 16           ; --           ; --           ; 16384 ; men_prog.mif ;
+----------------------------------------------------------------------------------------+------+-------------+--------------+--------------+--------------+--------------+-------+--------------+


+--------------------------------------------------------------------------------------------------------------------------------------------+
; Analysis & Synthesis IP Cores Summary                                                                                                      ;
+--------+--------------+---------+--------------+--------------+------------------------+---------------------------------------------------+
; Vendor ; IP Core Name ; Version ; Release Date ; License Type ; Entity Instance        ; IP Include File                                   ;
+--------+--------------+---------+--------------+--------------+------------------------+---------------------------------------------------+
; Altera ; RAM: 1-PORT  ; N/A     ; N/A          ; N/A          ; |datapath|men_dados:md ; F:/VHDL/DataPath/Memórias/men_dados/men_dados.vhd ;
; Altera ; ROM: 1-PORT  ; N/A     ; N/A          ; N/A          ; |datapath|men_prog:mp  ; F:/VHDL/DataPath/Memórias/men_prog/men_prog.vhd   ;
+--------+--------------+---------+--------------+--------------+------------------------+---------------------------------------------------+


+--------------------------------------------------------------------------------+
; Registers Removed During Synthesis                                             ;
+---------------------------------------+----------------------------------------+
; Register name                         ; Reason for Removal                     ;
+---------------------------------------+----------------------------------------+
; reg8_l:reg_r0|reg8_out[0..7]          ; Stuck at GND due to stuck port data_in ;
; Total Number of Removed Registers = 8 ;                                        ;
+---------------------------------------+----------------------------------------+


+------------------------------------------------------+
; General Register Statistics                          ;
+----------------------------------------------+-------+
; Statistic                                    ; Value ;
+----------------------------------------------+-------+
; Total registers                              ; 95    ;
; Number of registers using Synchronous Clear  ; 0     ;
; Number of registers using Synchronous Load   ; 0     ;
; Number of registers using Asynchronous Clear ; 0     ;
; Number of registers using Asynchronous Load  ; 0     ;
; Number of registers using Clock Enable       ; 92    ;
; Number of registers using Preset             ; 0     ;
+----------------------------------------------+-------+


+----------------------------------------------------------------------------------------------------------------------------------------------------+
; Multiplexer Restructuring Statistics (Restructuring Performed)                                                                                     ;
+--------------------+-----------+---------------+----------------------+------------------------+------------+--------------------------------------+
; Multiplexer Inputs ; Bus Width ; Baseline Area ; Area if Restructured ; Saving if Restructured ; Registered ; Example Multiplexer Output           ;
+--------------------+-----------+---------------+----------------------+------------------------+------------+--------------------------------------+
; 6:1                ; 10 bits   ; 40 LEs        ; 30 LEs               ; 10 LEs                 ; Yes        ; |datapath|reg10:reg_PC|reg10_out[9]  ;
; 4:1                ; 8 bits    ; 16 LEs        ; 16 LEs               ; 0 LEs                  ; No         ; |datapath|mux4x1_8:mux_o0|Mux0       ;
; 5:1                ; 8 bits    ; 24 LEs        ; 16 LEs               ; 8 LEs                  ; No         ; |datapath|mux2x1_8:mux_o2|mux_out[1] ;
; 20:1               ; 2 bits    ; 26 LEs        ; 16 LEs               ; 10 LEs                 ; No         ; |datapath|mux4x1_8:mux_i0|Mux5       ;
+--------------------+-----------+---------------+----------------------+------------------------+------------+--------------------------------------+


+----------------------------------------------------------------------------------------------------+
; Source assignments for men_dados:md|altsyncram:altsyncram_component|altsyncram_19g1:auto_generated ;
+---------------------------------+--------------------+------+--------------------------------------+
; Assignment                      ; Value              ; From ; To                                   ;
+---------------------------------+--------------------+------+--------------------------------------+
; OPTIMIZE_POWER_DURING_SYNTHESIS ; NORMAL_COMPILATION ; -    ; -                                    ;
+---------------------------------+--------------------+------+--------------------------------------+


+---------------------------------------------------------------------------------------------------+
; Source assignments for men_prog:mp|altsyncram:altsyncram_component|altsyncram_8da1:auto_generated ;
+---------------------------------+--------------------+------+-------------------------------------+
; Assignment                      ; Value              ; From ; To                                  ;
+---------------------------------+--------------------+------+-------------------------------------+
; OPTIMIZE_POWER_DURING_SYNTHESIS ; NORMAL_COMPILATION ; -    ; -                                   ;
+---------------------------------+--------------------+------+-------------------------------------+


+-------------------------------------------------------------------------------------------+
; Parameter Settings for User Entity Instance: men_dados:md|altsyncram:altsyncram_component ;
+------------------------------------+----------------------+-------------------------------+
; Parameter Name                     ; Value                ; Type                          ;
+------------------------------------+----------------------+-------------------------------+
; BYTE_SIZE_BLOCK                    ; 8                    ; Untyped                       ;
; AUTO_CARRY_CHAINS                  ; ON                   ; AUTO_CARRY                    ;
; IGNORE_CARRY_BUFFERS               ; OFF                  ; IGNORE_CARRY                  ;
; AUTO_CASCADE_CHAINS                ; ON                   ; AUTO_CASCADE                  ;
; IGNORE_CASCADE_BUFFERS             ; OFF                  ; IGNORE_CASCADE                ;
; WIDTH_BYTEENA                      ; 1                    ; Untyped                       ;
; OPERATION_MODE                     ; SINGLE_PORT          ; Untyped                       ;
; WIDTH_A                            ; 8                    ; Signed Integer                ;
; WIDTHAD_A                          ; 8                    ; Signed Integer                ;
; NUMWORDS_A                         ; 256                  ; Signed Integer                ;
; OUTDATA_REG_A                      ; UNREGISTERED         ; Untyped                       ;
; ADDRESS_ACLR_A                     ; NONE                 ; Untyped                       ;
; OUTDATA_ACLR_A                     ; NONE                 ; Untyped                       ;
; WRCONTROL_ACLR_A                   ; NONE                 ; Untyped                       ;
; INDATA_ACLR_A                      ; NONE                 ; Untyped                       ;
; BYTEENA_ACLR_A                     ; NONE                 ; Untyped                       ;
; WIDTH_B                            ; 1                    ; Untyped                       ;
; WIDTHAD_B                          ; 1                    ; Untyped                       ;
; NUMWORDS_B                         ; 1                    ; Untyped                       ;
; INDATA_REG_B                       ; CLOCK1               ; Untyped                       ;
; WRCONTROL_WRADDRESS_REG_B          ; CLOCK1               ; Untyped                       ;
; RDCONTROL_REG_B                    ; CLOCK1               ; Untyped                       ;
; ADDRESS_REG_B                      ; CLOCK1               ; Untyped                       ;
; OUTDATA_REG_B                      ; UNREGISTERED         ; Untyped                       ;
; BYTEENA_REG_B                      ; CLOCK1               ; Untyped                       ;
; INDATA_ACLR_B                      ; NONE                 ; Untyped                       ;
; WRCONTROL_ACLR_B                   ; NONE                 ; Untyped                       ;
; ADDRESS_ACLR_B                     ; NONE                 ; Untyped                       ;
; OUTDATA_ACLR_B                     ; NONE                 ; Untyped                       ;
; RDCONTROL_ACLR_B                   ; NONE                 ; Untyped                       ;
; BYTEENA_ACLR_B                     ; NONE                 ; Untyped                       ;
; WIDTH_BYTEENA_A                    ; 1                    ; Signed Integer                ;
; WIDTH_BYTEENA_B                    ; 1                    ; Untyped                       ;
; RAM_BLOCK_TYPE                     ; AUTO                 ; Untyped                       ;
; BYTE_SIZE                          ; 8                    ; Untyped                       ;
; READ_DURING_WRITE_MODE_MIXED_PORTS ; DONT_CARE            ; Untyped                       ;
; READ_DURING_WRITE_MODE_PORT_A      ; NEW_DATA_NO_NBE_READ ; Untyped                       ;
; READ_DURING_WRITE_MODE_PORT_B      ; NEW_DATA_NO_NBE_READ ; Untyped                       ;
; INIT_FILE                          ; UNUSED               ; Untyped                       ;
; INIT_FILE_LAYOUT                   ; PORT_A               ; Untyped                       ;
; MAXIMUM_DEPTH                      ; 0                    ; Untyped                       ;
; CLOCK_ENABLE_INPUT_A               ; BYPASS               ; Untyped                       ;
; CLOCK_ENABLE_INPUT_B               ; NORMAL               ; Untyped                       ;
; CLOCK_ENABLE_OUTPUT_A              ; BYPASS               ; Untyped                       ;
; CLOCK_ENABLE_OUTPUT_B              ; NORMAL               ; Untyped                       ;
; CLOCK_ENABLE_CORE_A                ; USE_INPUT_CLKEN      ; Untyped                       ;
; CLOCK_ENABLE_CORE_B                ; USE_INPUT_CLKEN      ; Untyped                       ;
; ENABLE_ECC                         ; FALSE                ; Untyped                       ;
; ECC_PIPELINE_STAGE_ENABLED         ; FALSE                ; Untyped                       ;
; WIDTH_ECCSTATUS                    ; 3                    ; Untyped                       ;
; DEVICE_FAMILY                      ; Cyclone IV GX        ; Untyped                       ;
; CBXI_PARAMETER                     ; altsyncram_19g1      ; Untyped                       ;
+------------------------------------+----------------------+-------------------------------+
Note: In order to hide this table in the UI and the text report file, please set the "Show Parameter Settings in Synthesis Report" option in "Analysis and Synthesis Settings -> More Settings" to "Off".


+------------------------------------------------------------------------------------------+
; Parameter Settings for User Entity Instance: men_prog:mp|altsyncram:altsyncram_component ;
+------------------------------------+----------------------+------------------------------+
; Parameter Name                     ; Value                ; Type                         ;
+------------------------------------+----------------------+------------------------------+
; BYTE_SIZE_BLOCK                    ; 8                    ; Untyped                      ;
; AUTO_CARRY_CHAINS                  ; ON                   ; AUTO_CARRY                   ;
; IGNORE_CARRY_BUFFERS               ; OFF                  ; IGNORE_CARRY                 ;
; AUTO_CASCADE_CHAINS                ; ON                   ; AUTO_CASCADE                 ;
; IGNORE_CASCADE_BUFFERS             ; OFF                  ; IGNORE_CASCADE               ;
; WIDTH_BYTEENA                      ; 1                    ; Untyped                      ;
; OPERATION_MODE                     ; ROM                  ; Untyped                      ;
; WIDTH_A                            ; 16                   ; Signed Integer               ;
; WIDTHAD_A                          ; 10                   ; Signed Integer               ;
; NUMWORDS_A                         ; 1024                 ; Signed Integer               ;
; OUTDATA_REG_A                      ; UNREGISTERED         ; Untyped                      ;
; ADDRESS_ACLR_A                     ; NONE                 ; Untyped                      ;
; OUTDATA_ACLR_A                     ; NONE                 ; Untyped                      ;
; WRCONTROL_ACLR_A                   ; NONE                 ; Untyped                      ;
; INDATA_ACLR_A                      ; NONE                 ; Untyped                      ;
; BYTEENA_ACLR_A                     ; NONE                 ; Untyped                      ;
; WIDTH_B                            ; 1                    ; Untyped                      ;
; WIDTHAD_B                          ; 1                    ; Untyped                      ;
; NUMWORDS_B                         ; 1                    ; Untyped                      ;
; INDATA_REG_B                       ; CLOCK1               ; Untyped                      ;
; WRCONTROL_WRADDRESS_REG_B          ; CLOCK1               ; Untyped                      ;
; RDCONTROL_REG_B                    ; CLOCK1               ; Untyped                      ;
; ADDRESS_REG_B                      ; CLOCK1               ; Untyped                      ;
; OUTDATA_REG_B                      ; UNREGISTERED         ; Untyped                      ;
; BYTEENA_REG_B                      ; CLOCK1               ; Untyped                      ;
; INDATA_ACLR_B                      ; NONE                 ; Untyped                      ;
; WRCONTROL_ACLR_B                   ; NONE                 ; Untyped                      ;
; ADDRESS_ACLR_B                     ; NONE                 ; Untyped                      ;
; OUTDATA_ACLR_B                     ; NONE                 ; Untyped                      ;
; RDCONTROL_ACLR_B                   ; NONE                 ; Untyped                      ;
; BYTEENA_ACLR_B                     ; NONE                 ; Untyped                      ;
; WIDTH_BYTEENA_A                    ; 1                    ; Signed Integer               ;
; WIDTH_BYTEENA_B                    ; 1                    ; Untyped                      ;
; RAM_BLOCK_TYPE                     ; AUTO                 ; Untyped                      ;
; BYTE_SIZE                          ; 8                    ; Untyped                      ;
; READ_DURING_WRITE_MODE_MIXED_PORTS ; DONT_CARE            ; Untyped                      ;
; READ_DURING_WRITE_MODE_PORT_A      ; NEW_DATA_NO_NBE_READ ; Untyped                      ;
; READ_DURING_WRITE_MODE_PORT_B      ; NEW_DATA_NO_NBE_READ ; Untyped                      ;
; INIT_FILE                          ; men_prog.mif         ; Untyped                      ;
; INIT_FILE_LAYOUT                   ; PORT_A               ; Untyped                      ;
; MAXIMUM_DEPTH                      ; 0                    ; Untyped                      ;
; CLOCK_ENABLE_INPUT_A               ; BYPASS               ; Untyped                      ;
; CLOCK_ENABLE_INPUT_B               ; NORMAL               ; Untyped                      ;
; CLOCK_ENABLE_OUTPUT_A              ; BYPASS               ; Untyped                      ;
; CLOCK_ENABLE_OUTPUT_B              ; NORMAL               ; Untyped                      ;
; CLOCK_ENABLE_CORE_A                ; USE_INPUT_CLKEN      ; Untyped                      ;
; CLOCK_ENABLE_CORE_B                ; USE_INPUT_CLKEN      ; Untyped                      ;
; ENABLE_ECC                         ; FALSE                ; Untyped                      ;
; ECC_PIPELINE_STAGE_ENABLED         ; FALSE                ; Untyped                      ;
; WIDTH_ECCSTATUS                    ; 3                    ; Untyped                      ;
; DEVICE_FAMILY                      ; Cyclone IV GX        ; Untyped                      ;
; CBXI_PARAMETER                     ; altsyncram_8da1      ; Untyped                      ;
+------------------------------------+----------------------+------------------------------+
Note: In order to hide this table in the UI and the text report file, please set the "Show Parameter Settings in Synthesis Report" option in "Analysis and Synthesis Settings -> More Settings" to "Off".


+------------------------------------------------------------------------------------------+
; altsyncram Parameter Settings by Entity Instance                                         ;
+-------------------------------------------+----------------------------------------------+
; Name                                      ; Value                                        ;
+-------------------------------------------+----------------------------------------------+
; Number of entity instances                ; 2                                            ;
; Entity Instance                           ; men_dados:md|altsyncram:altsyncram_component ;
;     -- OPERATION_MODE                     ; SINGLE_PORT                                  ;
;     -- WIDTH_A                            ; 8                                            ;
;     -- NUMWORDS_A                         ; 256                                          ;
;     -- OUTDATA_REG_A                      ; UNREGISTERED                                 ;
;     -- WIDTH_B                            ; 1                                            ;
;     -- NUMWORDS_B                         ; 1                                            ;
;     -- ADDRESS_REG_B                      ; CLOCK1                                       ;
;     -- OUTDATA_REG_B                      ; UNREGISTERED                                 ;
;     -- RAM_BLOCK_TYPE                     ; AUTO                                         ;
;     -- READ_DURING_WRITE_MODE_MIXED_PORTS ; DONT_CARE                                    ;
; Entity Instance                           ; men_prog:mp|altsyncram:altsyncram_component  ;
;     -- OPERATION_MODE                     ; ROM                                          ;
;     -- WIDTH_A                            ; 16                                           ;
;     -- NUMWORDS_A                         ; 1024                                         ;
;     -- OUTDATA_REG_A                      ; UNREGISTERED                                 ;
;     -- WIDTH_B                            ; 1                                            ;
;     -- NUMWORDS_B                         ; 1                                            ;
;     -- ADDRESS_REG_B                      ; CLOCK1                                       ;
;     -- OUTDATA_REG_B                      ; UNREGISTERED                                 ;
;     -- RAM_BLOCK_TYPE                     ; AUTO                                         ;
;     -- READ_DURING_WRITE_MODE_MIXED_PORTS ; DONT_CARE                                    ;
+-------------------------------------------+----------------------------------------------+


+-------------------------------------------+
; Port Connectivity Checks: "reg8_l:reg_r0" ;
+---------+-------+----------+--------------+
; Port    ; Type  ; Severity ; Details      ;
+---------+-------+----------+--------------+
; reg8_in ; Input ; Info     ; Stuck at GND ;
+---------+-------+----------+--------------+


+-------------------------------+
; Elapsed Time Per Partition    ;
+----------------+--------------+
; Partition Name ; Elapsed Time ;
+----------------+--------------+
; Top            ; 00:00:02     ;
+----------------+--------------+


+-------------------------------+
; Analysis & Synthesis Messages ;
+-------------------------------+
Info: *******************************************************************
Info: Running Quartus II 32-bit Analysis & Synthesis
    Info: Version 13.0.1 Build 232 06/12/2013 Service Pack 1 SJ Web Edition
    Info: Processing started: Tue Nov 19 06:36:36 2019
Info: Command: quartus_map --read_settings_files=on --write_settings_files=off datapath -c datapath
Warning (20028): Parallel compilation is not licensed and has been disabled
Info (12021): Found 2 design units, including 1 entities, in source file ula/xor_9.vhd
    Info (12022): Found design unit 1: xor_9-arc_xor9
    Info (12023): Found entity 1: xor_9
Info (12021): Found 2 design units, including 1 entities, in source file ula/sub_9.vhd
    Info (12022): Found design unit 1: sub_9-arc_sub9
    Info (12023): Found entity 1: sub_9
Info (12021): Found 2 design units, including 1 entities, in source file ula/srl_9.vhd
    Info (12022): Found design unit 1: srl_9-arc_srl9
    Info (12023): Found entity 1: srl_9
Info (12021): Found 2 design units, including 1 entities, in source file ula/sra_9.vhd
    Info (12022): Found design unit 1: sra_9-arc_sra9
    Info (12023): Found entity 1: sra_9
Info (12021): Found 2 design units, including 1 entities, in source file ula/sll_9.vhd
    Info (12022): Found design unit 1: sll_9-arc_sll9
    Info (12023): Found entity 1: sll_9
Info (12021): Found 2 design units, including 1 entities, in source file ula/or_9.vhd
    Info (12022): Found design unit 1: or_9-arc_or9
    Info (12023): Found entity 1: or_9
Info (12021): Found 2 design units, including 1 entities, in source file ula/mux8x1_9.vhd
    Info (12022): Found design unit 1: mux8x1_9-arc_mux8x1_9
    Info (12023): Found entity 1: mux8x1_9
Info (12021): Found 2 design units, including 1 entities, in source file ula/and_9.vhd
    Info (12022): Found design unit 1: and_9-arc_and9
    Info (12023): Found entity 1: and_9
Info (12021): Found 2 design units, including 1 entities, in source file ula/add_9.vhd
    Info (12022): Found design unit 1: add_9-arc_add9
    Info (12023): Found entity 1: add_9
Info (12021): Found 2 design units, including 1 entities, in source file ula/ula.vhd
    Info (12022): Found design unit 1: ula-arc_ula
    Info (12023): Found entity 1: ula
Info (12021): Found 2 design units, including 1 entities, in source file memórias/men_prog/men_prog.vhd
    Info (12022): Found design unit 1: men_prog-SYN
    Info (12023): Found entity 1: men_prog
Info (12021): Found 2 design units, including 1 entities, in source file memórias/men_dados/men_dados.vhd
    Info (12022): Found design unit 1: men_dados-SYN
    Info (12023): Found entity 1: men_dados
Info (12021): Found 2 design units, including 1 entities, in source file reg8_l.vhd
    Info (12022): Found design unit 1: reg8_l-arc_reg8_l
    Info (12023): Found entity 1: reg8_l
Info (12021): Found 2 design units, including 1 entities, in source file reg1_l.vhd
    Info (12022): Found design unit 1: reg1_l-arc_reg1_l
    Info (12023): Found entity 1: reg1_l
Info (12021): Found 2 design units, including 1 entities, in source file reg16_l.vhd
    Info (12022): Found design unit 1: reg16_l-arc_reg16_l
    Info (12023): Found entity 1: reg16_l
Info (12021): Found 2 design units, including 1 entities, in source file reg10_l.vhd
    Info (12022): Found design unit 1: reg10_l-arc_reg10_l
    Info (12023): Found entity 1: reg10_l
Info (12021): Found 2 design units, including 1 entities, in source file reg10.vhd
    Info (12022): Found design unit 1: reg10-arc_reg10
    Info (12023): Found entity 1: reg10
Info (12021): Found 2 design units, including 1 entities, in source file mux4x1_8.vhd
    Info (12022): Found design unit 1: mux4x1_8-arc_mux4x1_8
    Info (12023): Found entity 1: mux4x1_8
Info (12021): Found 2 design units, including 1 entities, in source file mux4x1_10.vhd
    Info (12022): Found design unit 1: mux4x1_10-arc_mux4x1_10
    Info (12023): Found entity 1: mux4x1_10
Info (12021): Found 2 design units, including 1 entities, in source file mux2x1_8.vhd
    Info (12022): Found design unit 1: mux2x1_8-arc_mux2x1_8
    Info (12023): Found entity 1: mux2x1_8
Info (12021): Found 2 design units, including 1 entities, in source file inc_10.vhd
    Info (12022): Found design unit 1: inc_10-arc_inc_10
    Info (12023): Found entity 1: inc_10
Info (12021): Found 2 design units, including 1 entities, in source file comp_8.vhd
    Info (12022): Found design unit 1: comp_8-arc_comp_8
    Info (12023): Found entity 1: comp_8
Info (12021): Found 2 design units, including 1 entities, in source file add_10.vhd
    Info (12022): Found design unit 1: add_10-arc_add_10
    Info (12023): Found entity 1: add_10
Info (12021): Found 2 design units, including 1 entities, in source file datapath.vhd
    Info (12022): Found design unit 1: datapath-arc_datapath
    Info (12023): Found entity 1: datapath
Info (12021): Found 2 design units, including 1 entities, in source file add_8.vhd
    Info (12022): Found design unit 1: add_8-arc_add_8
    Info (12023): Found entity 1: add_8
Info (12127): Elaborating entity "datapath" for the top level hierarchy
Info (12128): Elaborating entity "men_dados" for hierarchy "men_dados:md"
Info (12128): Elaborating entity "altsyncram" for hierarchy "men_dados:md|altsyncram:altsyncram_component"
Info (12130): Elaborated megafunction instantiation "men_dados:md|altsyncram:altsyncram_component"
Info (12133): Instantiated megafunction "men_dados:md|altsyncram:altsyncram_component" with the following parameter:
    Info (12134): Parameter "clock_enable_input_a" = "BYPASS"
    Info (12134): Parameter "clock_enable_output_a" = "BYPASS"
    Info (12134): Parameter "intended_device_family" = "Cyclone IV GX"
    Info (12134): Parameter "lpm_hint" = "ENABLE_RUNTIME_MOD=NO"
    Info (12134): Parameter "lpm_type" = "altsyncram"
    Info (12134): Parameter "numwords_a" = "256"
    Info (12134): Parameter "operation_mode" = "SINGLE_PORT"
    Info (12134): Parameter "outdata_aclr_a" = "NONE"
    Info (12134): Parameter "outdata_reg_a" = "UNREGISTERED"
    Info (12134): Parameter "power_up_uninitialized" = "FALSE"
    Info (12134): Parameter "read_during_write_mode_port_a" = "NEW_DATA_NO_NBE_READ"
    Info (12134): Parameter "widthad_a" = "8"
    Info (12134): Parameter "width_a" = "8"
    Info (12134): Parameter "width_byteena_a" = "1"
Info (12021): Found 1 design units, including 1 entities, in source file db/altsyncram_19g1.tdf
    Info (12023): Found entity 1: altsyncram_19g1
Info (12128): Elaborating entity "altsyncram_19g1" for hierarchy "men_dados:md|altsyncram:altsyncram_component|altsyncram_19g1:auto_generated"
Info (12128): Elaborating entity "men_prog" for hierarchy "men_prog:mp"
Info (12128): Elaborating entity "altsyncram" for hierarchy "men_prog:mp|altsyncram:altsyncram_component"
Info (12130): Elaborated megafunction instantiation "men_prog:mp|altsyncram:altsyncram_component"
Info (12133): Instantiated megafunction "men_prog:mp|altsyncram:altsyncram_component" with the following parameter:
    Info (12134): Parameter "address_aclr_a" = "NONE"
    Info (12134): Parameter "clock_enable_input_a" = "BYPASS"
    Info (12134): Parameter "clock_enable_output_a" = "BYPASS"
    Info (12134): Parameter "init_file" = "men_prog.mif"
    Info (12134): Parameter "intended_device_family" = "Cyclone IV GX"
    Info (12134): Parameter "lpm_hint" = "ENABLE_RUNTIME_MOD=NO"
    Info (12134): Parameter "lpm_type" = "altsyncram"
    Info (12134): Parameter "numwords_a" = "1024"
    Info (12134): Parameter "operation_mode" = "ROM"
    Info (12134): Parameter "outdata_aclr_a" = "NONE"
    Info (12134): Parameter "outdata_reg_a" = "UNREGISTERED"
    Info (12134): Parameter "widthad_a" = "10"
    Info (12134): Parameter "width_a" = "16"
    Info (12134): Parameter "width_byteena_a" = "1"
Info (12021): Found 1 design units, including 1 entities, in source file db/altsyncram_8da1.tdf
    Info (12023): Found entity 1: altsyncram_8da1
Info (12128): Elaborating entity "altsyncram_8da1" for hierarchy "men_prog:mp|altsyncram:altsyncram_component|altsyncram_8da1:auto_generated"
Info (12128): Elaborating entity "ula" for hierarchy "ula:ula_cmp"
Warning (10492): VHDL Process Statement warning at ula.vhd(100): signal "ula_out_9" is read inside the Process Statement but isn't in the Process Statement's sensitivity list
Warning (10492): VHDL Process Statement warning at ula.vhd(107): signal "ula_out_9" is read inside the Process Statement but isn't in the Process Statement's sensitivity list
Warning (10492): VHDL Process Statement warning at ula.vhd(113): signal "ula_out_9" is read inside the Process Statement but isn't in the Process Statement's sensitivity list
Info (12128): Elaborating entity "add_9" for hierarchy "ula:ula_cmp|add_9:add_comp"
Info (12128): Elaborating entity "sub_9" for hierarchy "ula:ula_cmp|sub_9:sub_comp"
Info (12128): Elaborating entity "and_9" for hierarchy "ula:ula_cmp|and_9:and_comp"
Info (12128): Elaborating entity "or_9" for hierarchy "ula:ula_cmp|or_9:or_comp"
Info (12128): Elaborating entity "xor_9" for hierarchy "ula:ula_cmp|xor_9:xor_comp"
Info (12128): Elaborating entity "srl_9" for hierarchy "ula:ula_cmp|srl_9:srl_comp"
Info (12128): Elaborating entity "sll_9" for hierarchy "ula:ula_cmp|sll_9:sll_comp"
Info (12128): Elaborating entity "sra_9" for hierarchy "ula:ula_cmp|sra_9:sra_comp"
Info (12128): Elaborating entity "mux8x1_9" for hierarchy "ula:ula_cmp|mux8x1_9:mux_comp"
Info (12128): Elaborating entity "inc_10" for hierarchy "inc_10:inc_PC"
Info (12128): Elaborating entity "add_10" for hierarchy "add_10:add_PC"
Info (12128): Elaborating entity "add_8" for hierarchy "add_8:add_MD"
Info (12128): Elaborating entity "comp_8" for hierarchy "comp_8:comp"
Info (12128): Elaborating entity "reg8_l" for hierarchy "reg8_l:reg_i0"
Info (12128): Elaborating entity "reg1_l" for hierarchy "reg1_l:reg_C"
Info (12128): Elaborating entity "reg10" for hierarchy "reg10:reg_PC"
Info (12128): Elaborating entity "reg10_l" for hierarchy "reg10_l:reg_RP"
Info (12128): Elaborating entity "reg16_l" for hierarchy "reg16_l:reg_RI"
Info (12128): Elaborating entity "mux4x1_8" for hierarchy "mux4x1_8:mux_i0"
Info (12128): Elaborating entity "mux2x1_8" for hierarchy "mux2x1_8:mux_o2"
Info (12128): Elaborating entity "mux4x1_10" for hierarchy "mux4x1_10:mux_pc"
Info (286030): Timing-Driven Synthesis is running
Info (16010): Generating hard_block partition "hard_block:auto_generated_inst"
    Info (16011): Adding 0 node(s), including 0 DDIO, 0 PLL, 0 transceiver and 0 LCELL
Warning (21074): Design contains 1 input pin(s) that do not drive logic
    Warning (15610): No output dependent on input pin "dp_ld_r0"
Info (21057): Implemented 456 device resources after synthesis - the final resource count might be different
    Info (21058): Implemented 45 input pins
    Info (21059): Implemented 37 output pins
    Info (21061): Implemented 350 logic cells
    Info (21064): Implemented 24 RAM segments
Info: Quartus II 32-bit Analysis & Synthesis was successful. 0 errors, 6 warnings
    Info: Peak virtual memory: 398 megabytes
    Info: Processing ended: Tue Nov 19 06:36:49 2019
    Info: Elapsed time: 00:00:13
    Info: Total CPU time (on all processors): 00:00:06


