MIF/HEX Update report for micro
Wed Nov 27 12:06:48 2019
Quartus II 64-Bit Version 13.0.1 Build 232 06/12/2013 Service Pack 1 SJ Web Edition


---------------------
; Table of Contents ;
---------------------
  1. Legal Notice
  2. MIF/HEX Update Summary
  3. MIF/HEX Update Processed Files
  4. MIF/HEX Update Messages



----------------
; Legal Notice ;
----------------
Copyright (C) 1991-2013 Altera Corporation
Your use of Altera Corporation's design tools, logic functions 
and other software and tools, and its AMPP partner logic 
functions, and any output files from any of the foregoing 
(including device programming or simulation files), and any 
associated documentation or information are expressly subject 
to the terms and conditions of the Altera Program License 
Subscription Agreement, Altera MegaCore Function License 
Agreement, or other applicable license agreement, including, 
without limitation, that your use is for the sole purpose of 
programming logic devices manufactured by Altera and sold by 
Altera or its authorized distributors.  Please refer to the 
applicable agreement for further details.



+---------------------------------------------------------------+
; MIF/HEX Update Summary                                        ;
+-----------------------+---------------------------------------+
; MIF/HEX Update Status ; Successful - Wed Nov 27 12:06:48 2019 ;
; Revision Name         ; micro                                 ;
; Top-level Entity Name ; micro                                 ;
; Family                ; Cyclone II                            ;
; Device                ; EP2C35F672C6                          ;
+-----------------------+---------------------------------------+


+-------------------------------------------------------------------------------------------------------+
; MIF/HEX Update Processed Files                                                                        ;
+-------------------------------------------------------------------------------------------------------+
; File Name                                                                                             ;
+-------------------------------------------------------------------------------------------------------+
; /users/jeffi/google drive/01 - ufrn/2019.2/sist. digitais/projeto/vhdl/memories/men_prog/men_prog.mif ;
+-------------------------------------------------------------------------------------------------------+


+-------------------------+
; MIF/HEX Update Messages ;
+-------------------------+
Info: *******************************************************************
Info: Running Quartus II 64-Bit MIF/HEX Update
    Info: Version 13.0.1 Build 232 06/12/2013 Service Pack 1 SJ Web Edition
    Info: Processing started: Wed Nov 27 12:06:41 2019
Info: Command: quartus_cdb micro -c micro --update_mif
Info (39024): Processed the following Memory Initialization File(s)
    Info (39025): Processed Memory Initialization File /users/jeffi/google drive/01 - ufrn/2019.2/sist. digitais/projeto/vhdl/memories/men_prog/men_prog.mif
Info: Quartus II 64-Bit MIF/HEX Update was successful. 0 errors, 1 warning
    Info: Peak virtual memory: 4643 megabytes
    Info: Processing ended: Wed Nov 27 12:06:48 2019
    Info: Elapsed time: 00:00:07
    Info: Total CPU time (on all processors): 00:00:02


