Flow report for counter
Tue Dec 10 10:15:05 2019
Quartus II 64-Bit Version 13.0.0 Build 156 04/24/2013 SJ Web Edition


---------------------
; Table of Contents ;
---------------------
  1. Legal Notice
  2. Flow Summary
  3. Flow Settings
  4. Flow Non-Default Global Settings
  5. Flow Elapsed Time
  6. Flow OS Summary
  7. Flow Log
  8. Flow Messages
  9. Flow Suppressed Messages



----------------
; Legal Notice ;
----------------
Copyright (C) 1991-2013 Altera Corporation
Your use of Altera Corporation's design tools, logic functions 
and other software and tools, and its AMPP partner logic 
functions, and any output files from any of the foregoing 
(including device programming or simulation files), and any 
associated documentation or information are expressly subject 
to the terms and conditions of the Altera Program License 
Subscription Agreement, Altera MegaCore Function License 
Agreement, or other applicable license agreement, including, 
without limitation, that your use is for the sole purpose of 
programming logic devices manufactured by Altera and sold by 
Altera or its authorized distributors.  Please refer to the 
applicable agreement for further details.



+---------------------------------------------------------------------------------+
; Flow Summary                                                                    ;
+------------------------------------+--------------------------------------------+
; Flow Status                        ; Successful - Tue Dec 10 10:15:05 2019      ;
; Quartus II 64-Bit Version          ; 13.0.0 Build 156 04/24/2013 SJ Web Edition ;
; Revision Name                      ; counter                                    ;
; Top-level Entity Name              ; counter                                    ;
; Family                             ; Cyclone II                                 ;
; Device                             ; EP2C35F672C6                               ;
; Timing Models                      ; Final                                      ;
; Total logic elements               ; 1,699 / 33,216 ( 5 % )                     ;
;     Total combinational functions  ; 1,589 / 33,216 ( 5 % )                     ;
;     Dedicated logic registers      ; 954 / 33,216 ( 3 % )                       ;
; Total registers                    ; 954                                        ;
; Total pins                         ; 27 / 475 ( 6 % )                           ;
; Total virtual pins                 ; 0                                          ;
; Total memory bits                  ; 44,032 / 483,840 ( 9 % )                   ;
; Embedded Multiplier 9-bit elements ; 0 / 70 ( 0 % )                             ;
; Total PLLs                         ; 0 / 4 ( 0 % )                              ;
+------------------------------------+--------------------------------------------+


+-----------------------------------------+
; Flow Settings                           ;
+-------------------+---------------------+
; Option            ; Setting             ;
+-------------------+---------------------+
; Start date & time ; 12/10/2019 10:14:38 ;
; Main task         ; Compilation         ;
; Revision Name     ; counter             ;
+-------------------+---------------------+


+------------------------------------------------------------------------------------------------------------------------------------------------------------------------+
; Flow Non-Default Global Settings                                                                                                                                       ;
+-------------------------------------+---------------------------------------------------------------+---------------+---------------------------------+----------------+
; Assignment Name                     ; Value                                                         ; Default Value ; Entity Name                     ; Section Id     ;
+-------------------------------------+---------------------------------------------------------------+---------------+---------------------------------+----------------+
; COMPILER_SIGNATURE_ID               ; 93181009388571.157598367825012                                ; --            ; --                              ; --             ;
; EDA_OUTPUT_DATA_FORMAT              ; Vhdl                                                          ; --            ; --                              ; eda_simulation ;
; EDA_SIMULATION_TOOL                 ; ModelSim-Altera (VHDL)                                        ; <None>        ; --                              ; --             ;
; IP_TOOL_ENV                         ; Qsys                                                          ; --            ; altera_avalon_sc_fifo           ; --             ;
; IP_TOOL_ENV                         ; Qsys                                                          ; --            ; altera_merlin_master_agent      ; --             ;
; IP_TOOL_ENV                         ; Qsys                                                          ; --            ; altera_merlin_master_translator ; --             ;
; IP_TOOL_ENV                         ; Qsys                                                          ; --            ; altera_merlin_slave_agent       ; --             ;
; IP_TOOL_ENV                         ; Qsys                                                          ; --            ; altera_merlin_slave_translator  ; --             ;
; IP_TOOL_ENV                         ; Qsys                                                          ; --            ; altera_reset_controller         ; --             ;
; IP_TOOL_ENV                         ; Qsys                                                          ; --            ; nios_system                     ; --             ;
; IP_TOOL_ENV                         ; Qsys                                                          ; --            ; nios_system_Display1            ; --             ;
; IP_TOOL_ENV                         ; Qsys                                                          ; --            ; nios_system_Rst                 ; --             ;
; IP_TOOL_ENV                         ; Qsys                                                          ; --            ; nios_system_Switch1             ; --             ;
; IP_TOOL_ENV                         ; Qsys                                                          ; --            ; nios_system_addr_router         ; --             ;
; IP_TOOL_ENV                         ; Qsys                                                          ; --            ; nios_system_addr_router_001     ; --             ;
; IP_TOOL_ENV                         ; Qsys                                                          ; --            ; nios_system_cmd_xbar_demux      ; --             ;
; IP_TOOL_ENV                         ; Qsys                                                          ; --            ; nios_system_cmd_xbar_demux_001  ; --             ;
; IP_TOOL_ENV                         ; Qsys                                                          ; --            ; nios_system_cmd_xbar_mux        ; --             ;
; IP_TOOL_ENV                         ; Qsys                                                          ; --            ; nios_system_id_router           ; --             ;
; IP_TOOL_ENV                         ; Qsys                                                          ; --            ; nios_system_id_router_002       ; --             ;
; IP_TOOL_ENV                         ; Qsys                                                          ; --            ; nios_system_irq_mapper          ; --             ;
; IP_TOOL_ENV                         ; Qsys                                                          ; --            ; nios_system_jtag_uart_0         ; --             ;
; IP_TOOL_ENV                         ; Qsys                                                          ; --            ; nios_system_nios2_qsys_0        ; --             ;
; IP_TOOL_ENV                         ; Qsys                                                          ; --            ; nios_system_onchip_memory2_0    ; --             ;
; IP_TOOL_ENV                         ; Qsys                                                          ; --            ; nios_system_rsp_xbar_demux_002  ; --             ;
; IP_TOOL_ENV                         ; Qsys                                                          ; --            ; nios_system_rsp_xbar_mux        ; --             ;
; IP_TOOL_ENV                         ; Qsys                                                          ; --            ; nios_system_rsp_xbar_mux_001    ; --             ;
; IP_TOOL_NAME                        ; altera_avalon_sc_fifo                                         ; --            ; altera_avalon_sc_fifo           ; --             ;
; IP_TOOL_NAME                        ; altera_merlin_master_agent                                    ; --            ; altera_merlin_master_agent      ; --             ;
; IP_TOOL_NAME                        ; altera_merlin_master_translator                               ; --            ; altera_merlin_master_translator ; --             ;
; IP_TOOL_NAME                        ; altera_merlin_slave_agent                                     ; --            ; altera_merlin_slave_agent       ; --             ;
; IP_TOOL_NAME                        ; altera_merlin_slave_translator                                ; --            ; altera_merlin_slave_translator  ; --             ;
; IP_TOOL_NAME                        ; altera_reset_controller                                       ; --            ; altera_reset_controller         ; --             ;
; IP_TOOL_NAME                        ; Qsys                                                          ; --            ; nios_system                     ; --             ;
; IP_TOOL_NAME                        ; altera_avalon_pio                                             ; --            ; nios_system_Display1            ; --             ;
; IP_TOOL_NAME                        ; altera_avalon_pio                                             ; --            ; nios_system_Rst                 ; --             ;
; IP_TOOL_NAME                        ; altera_avalon_pio                                             ; --            ; nios_system_Switch1             ; --             ;
; IP_TOOL_NAME                        ; altera_merlin_router                                          ; --            ; nios_system_addr_router         ; --             ;
; IP_TOOL_NAME                        ; altera_merlin_router                                          ; --            ; nios_system_addr_router_001     ; --             ;
; IP_TOOL_NAME                        ; altera_merlin_demultiplexer                                   ; --            ; nios_system_cmd_xbar_demux      ; --             ;
; IP_TOOL_NAME                        ; altera_merlin_demultiplexer                                   ; --            ; nios_system_cmd_xbar_demux_001  ; --             ;
; IP_TOOL_NAME                        ; altera_merlin_multiplexer                                     ; --            ; nios_system_cmd_xbar_mux        ; --             ;
; IP_TOOL_NAME                        ; altera_merlin_router                                          ; --            ; nios_system_id_router           ; --             ;
; IP_TOOL_NAME                        ; altera_merlin_router                                          ; --            ; nios_system_id_router_002       ; --             ;
; IP_TOOL_NAME                        ; altera_irq_mapper                                             ; --            ; nios_system_irq_mapper          ; --             ;
; IP_TOOL_NAME                        ; altera_avalon_jtag_uart                                       ; --            ; nios_system_jtag_uart_0         ; --             ;
; IP_TOOL_NAME                        ; altera_nios2_qsys                                             ; --            ; nios_system_nios2_qsys_0        ; --             ;
; IP_TOOL_NAME                        ; altera_avalon_onchip_memory2                                  ; --            ; nios_system_onchip_memory2_0    ; --             ;
; IP_TOOL_NAME                        ; altera_merlin_demultiplexer                                   ; --            ; nios_system_rsp_xbar_demux_002  ; --             ;
; IP_TOOL_NAME                        ; altera_merlin_multiplexer                                     ; --            ; nios_system_rsp_xbar_mux        ; --             ;
; IP_TOOL_NAME                        ; altera_merlin_multiplexer                                     ; --            ; nios_system_rsp_xbar_mux_001    ; --             ;
; IP_TOOL_VERSION                     ; 13.0                                                          ; --            ; altera_avalon_sc_fifo           ; --             ;
; IP_TOOL_VERSION                     ; 13.0                                                          ; --            ; altera_merlin_master_agent      ; --             ;
; IP_TOOL_VERSION                     ; 13.0                                                          ; --            ; altera_merlin_master_translator ; --             ;
; IP_TOOL_VERSION                     ; 13.0                                                          ; --            ; altera_merlin_slave_agent       ; --             ;
; IP_TOOL_VERSION                     ; 13.0                                                          ; --            ; altera_merlin_slave_translator  ; --             ;
; IP_TOOL_VERSION                     ; 13.0                                                          ; --            ; altera_reset_controller         ; --             ;
; IP_TOOL_VERSION                     ; 13.0                                                          ; --            ; nios_system                     ; --             ;
; IP_TOOL_VERSION                     ; 13.0.1                                                        ; --            ; nios_system_Display1            ; --             ;
; IP_TOOL_VERSION                     ; 13.0.1                                                        ; --            ; nios_system_Rst                 ; --             ;
; IP_TOOL_VERSION                     ; 13.0.1                                                        ; --            ; nios_system_Switch1             ; --             ;
; IP_TOOL_VERSION                     ; 13.0                                                          ; --            ; nios_system_addr_router         ; --             ;
; IP_TOOL_VERSION                     ; 13.0                                                          ; --            ; nios_system_addr_router_001     ; --             ;
; IP_TOOL_VERSION                     ; 13.0                                                          ; --            ; nios_system_cmd_xbar_demux      ; --             ;
; IP_TOOL_VERSION                     ; 13.0                                                          ; --            ; nios_system_cmd_xbar_demux_001  ; --             ;
; IP_TOOL_VERSION                     ; 13.0                                                          ; --            ; nios_system_cmd_xbar_mux        ; --             ;
; IP_TOOL_VERSION                     ; 13.0                                                          ; --            ; nios_system_id_router           ; --             ;
; IP_TOOL_VERSION                     ; 13.0                                                          ; --            ; nios_system_id_router_002       ; --             ;
; IP_TOOL_VERSION                     ; 13.0                                                          ; --            ; nios_system_irq_mapper          ; --             ;
; IP_TOOL_VERSION                     ; 13.0.1                                                        ; --            ; nios_system_jtag_uart_0         ; --             ;
; IP_TOOL_VERSION                     ; 13.0                                                          ; --            ; nios_system_nios2_qsys_0        ; --             ;
; IP_TOOL_VERSION                     ; 13.0.1                                                        ; --            ; nios_system_onchip_memory2_0    ; --             ;
; IP_TOOL_VERSION                     ; 13.0                                                          ; --            ; nios_system_rsp_xbar_demux_002  ; --             ;
; IP_TOOL_VERSION                     ; 13.0                                                          ; --            ; nios_system_rsp_xbar_mux        ; --             ;
; IP_TOOL_VERSION                     ; 13.0                                                          ; --            ; nios_system_rsp_xbar_mux_001    ; --             ;
; MAX_CORE_JUNCTION_TEMP              ; 85                                                            ; --            ; --                              ; --             ;
; MIN_CORE_JUNCTION_TEMP              ; 0                                                             ; --            ; --                              ; --             ;
; MISC_FILE                           ; nios_system/synthesis/../../nios_system.cmp                   ; --            ; --                              ; --             ;
; MISC_FILE                           ; nios_system/synthesis/../../nios_system.qsys                  ; --            ; --                              ; --             ;
; PARTITION_COLOR                     ; 16764057                                                      ; --            ; --                              ; Top            ;
; PARTITION_FITTER_PRESERVATION_LEVEL ; PLACEMENT_AND_ROUTING                                         ; --            ; --                              ; Top            ;
; PARTITION_NETLIST_TYPE              ; SOURCE                                                        ; --            ; --                              ; Top            ;
; PROJECT_OUTPUT_DIRECTORY            ; output_files                                                  ; --            ; --                              ; --             ;
; SLD_INFO                            ; QSYS_NAME nios_system HAS_SOPCINFO 1 GENERATION_ID 1575982277 ; --            ; nios_system                     ; --             ;
; SOPCINFO_FILE                       ; nios_system/synthesis/../../nios_system.sopcinfo              ; --            ; --                              ; --             ;
; SYNTHESIS_ONLY_QIP                  ; On                                                            ; --            ; --                              ; --             ;
+-------------------------------------+---------------------------------------------------------------+---------------+---------------------------------+----------------+


+-------------------------------------------------------------------------------------------------------------------------------+
; Flow Elapsed Time                                                                                                             ;
+---------------------------+--------------+-------------------------+---------------------+------------------------------------+
; Module Name               ; Elapsed Time ; Average Processors Used ; Peak Virtual Memory ; Total CPU Time (on all processors) ;
+---------------------------+--------------+-------------------------+---------------------+------------------------------------+
; Analysis & Synthesis      ; 00:00:07     ; 1.0                     ; 4731 MB             ; 00:00:07                           ;
; Fitter                    ; 00:00:10     ; 1.0                     ; 4913 MB             ; 00:00:10                           ;
; Assembler                 ; 00:00:02     ; 1.0                     ; 4569 MB             ; 00:00:02                           ;
; TimeQuest Timing Analyzer ; 00:00:02     ; 1.0                     ; 4569 MB             ; 00:00:01                           ;
; EDA Netlist Writer        ; 00:00:01     ; 1.0                     ; 4554 MB             ; 00:00:01                           ;
; Total                     ; 00:00:22     ; --                      ; --                  ; 00:00:21                           ;
+---------------------------+--------------+-------------------------+---------------------+------------------------------------+


+----------------------------------------------------------------------------------------+
; Flow OS Summary                                                                        ;
+---------------------------+------------------+-----------+------------+----------------+
; Module Name               ; Machine Hostname ; OS Name   ; OS Version ; Processor type ;
+---------------------------+------------------+-----------+------------+----------------+
; Analysis & Synthesis      ; DESKTOP-AGBOG2N  ; Windows 7 ; 6.2        ; x86_64         ;
; Fitter                    ; DESKTOP-AGBOG2N  ; Windows 7 ; 6.2        ; x86_64         ;
; Assembler                 ; DESKTOP-AGBOG2N  ; Windows 7 ; 6.2        ; x86_64         ;
; TimeQuest Timing Analyzer ; DESKTOP-AGBOG2N  ; Windows 7 ; 6.2        ; x86_64         ;
; EDA Netlist Writer        ; DESKTOP-AGBOG2N  ; Windows 7 ; 6.2        ; x86_64         ;
+---------------------------+------------------+-----------+------------+----------------+


------------
; Flow Log ;
------------
quartus_map --read_settings_files=on --write_settings_files=off counter -c counter
quartus_fit --read_settings_files=off --write_settings_files=off counter -c counter
quartus_asm --read_settings_files=off --write_settings_files=off counter -c counter
quartus_sta counter -c counter
quartus_eda --read_settings_files=off --write_settings_files=off counter -c counter



