Analysis & Synthesis report for ULA
Mon Oct 28 22:40:17 2019
Quartus II 64-Bit Version 13.0.1 Build 232 06/12/2013 Service Pack 1 SJ Web Edition


---------------------
; Table of Contents ;
---------------------
  1. Legal Notice
  2. Analysis & Synthesis Summary
  3. Analysis & Synthesis Settings
  4. Parallel Compilation
  5. Analysis & Synthesis Source Files Read
  6. Analysis & Synthesis Resource Usage Summary
  7. Analysis & Synthesis Resource Utilization by Entity
  8. General Register Statistics
  9. Multiplexer Restructuring Statistics (Restructuring Performed)
 10. Elapsed Time Per Partition
 11. Analysis & Synthesis Messages



----------------
; Legal Notice ;
----------------
Copyright (C) 1991-2013 Altera Corporation
Your use of Altera Corporation's design tools, logic functions 
and other software and tools, and its AMPP partner logic 
functions, and any output files from any of the foregoing 
(including device programming or simulation files), and any 
associated documentation or information are expressly subject 
to the terms and conditions of the Altera Program License 
Subscription Agreement, Altera MegaCore Function License 
Agreement, or other applicable license agreement, including, 
without limitation, that your use is for the sole purpose of 
programming logic devices manufactured by Altera and sold by 
Altera or its authorized distributors.  Please refer to the 
applicable agreement for further details.



+--------------------------------------------------------------------------------------+
; Analysis & Synthesis Summary                                                         ;
+------------------------------------+-------------------------------------------------+
; Analysis & Synthesis Status        ; Successful - Mon Oct 28 22:40:17 2019           ;
; Quartus II 64-Bit Version          ; 13.0.1 Build 232 06/12/2013 SP 1 SJ Web Edition ;
; Revision Name                      ; ULA                                             ;
; Top-level Entity Name              ; ula                                             ;
; Family                             ; Cyclone II                                      ;
; Total logic elements               ; 139                                             ;
;     Total combinational functions  ; 139                                             ;
;     Dedicated logic registers      ; 0                                               ;
; Total registers                    ; 0                                               ;
; Total pins                         ; 30                                              ;
; Total virtual pins                 ; 0                                               ;
; Total memory bits                  ; 0                                               ;
; Embedded Multiplier 9-bit elements ; 0                                               ;
; Total PLLs                         ; 0                                               ;
+------------------------------------+-------------------------------------------------+


+----------------------------------------------------------------------------------------------------------------------+
; Analysis & Synthesis Settings                                                                                        ;
+----------------------------------------------------------------------------+--------------------+--------------------+
; Option                                                                     ; Setting            ; Default Value      ;
+----------------------------------------------------------------------------+--------------------+--------------------+
; Device                                                                     ; EP2C35F672C6       ;                    ;
; Top-level entity name                                                      ; ula                ; ULA                ;
; Family name                                                                ; Cyclone II         ; Cyclone IV GX      ;
; Use smart compilation                                                      ; Off                ; Off                ;
; Enable parallel Assembler and TimeQuest Timing Analyzer during compilation ; On                 ; On                 ;
; Enable compact report table                                                ; Off                ; Off                ;
; Restructure Multiplexers                                                   ; Auto               ; Auto               ;
; Create Debugging Nodes for IP Cores                                        ; Off                ; Off                ;
; Preserve fewer node names                                                  ; On                 ; On                 ;
; Disable OpenCore Plus hardware evaluation                                  ; Off                ; Off                ;
; Verilog Version                                                            ; Verilog_2001       ; Verilog_2001       ;
; VHDL Version                                                               ; VHDL_1993          ; VHDL_1993          ;
; State Machine Processing                                                   ; Auto               ; Auto               ;
; Safe State Machine                                                         ; Off                ; Off                ;
; Extract Verilog State Machines                                             ; On                 ; On                 ;
; Extract VHDL State Machines                                                ; On                 ; On                 ;
; Ignore Verilog initial constructs                                          ; Off                ; Off                ;
; Iteration limit for constant Verilog loops                                 ; 5000               ; 5000               ;
; Iteration limit for non-constant Verilog loops                             ; 250                ; 250                ;
; Add Pass-Through Logic to Inferred RAMs                                    ; On                 ; On                 ;
; Infer RAMs from Raw Logic                                                  ; On                 ; On                 ;
; Parallel Synthesis                                                         ; On                 ; On                 ;
; DSP Block Balancing                                                        ; Auto               ; Auto               ;
; NOT Gate Push-Back                                                         ; On                 ; On                 ;
; Power-Up Don't Care                                                        ; On                 ; On                 ;
; Remove Redundant Logic Cells                                               ; Off                ; Off                ;
; Remove Duplicate Registers                                                 ; On                 ; On                 ;
; Ignore CARRY Buffers                                                       ; Off                ; Off                ;
; Ignore CASCADE Buffers                                                     ; Off                ; Off                ;
; Ignore GLOBAL Buffers                                                      ; Off                ; Off                ;
; Ignore ROW GLOBAL Buffers                                                  ; Off                ; Off                ;
; Ignore LCELL Buffers                                                       ; Off                ; Off                ;
; Ignore SOFT Buffers                                                        ; On                 ; On                 ;
; Limit AHDL Integers to 32 Bits                                             ; Off                ; Off                ;
; Optimization Technique                                                     ; Balanced           ; Balanced           ;
; Carry Chain Length                                                         ; 70                 ; 70                 ;
; Auto Carry Chains                                                          ; On                 ; On                 ;
; Auto Open-Drain Pins                                                       ; On                 ; On                 ;
; Perform WYSIWYG Primitive Resynthesis                                      ; Off                ; Off                ;
; Auto ROM Replacement                                                       ; On                 ; On                 ;
; Auto RAM Replacement                                                       ; On                 ; On                 ;
; Auto Shift Register Replacement                                            ; Auto               ; Auto               ;
; Allow Shift Register Merging across Hierarchies                            ; Auto               ; Auto               ;
; Auto Clock Enable Replacement                                              ; On                 ; On                 ;
; Strict RAM Replacement                                                     ; Off                ; Off                ;
; Allow Synchronous Control Signals                                          ; On                 ; On                 ;
; Force Use of Synchronous Clear Signals                                     ; Off                ; Off                ;
; Auto RAM to Logic Cell Conversion                                          ; Off                ; Off                ;
; Auto Resource Sharing                                                      ; Off                ; Off                ;
; Allow Any RAM Size For Recognition                                         ; Off                ; Off                ;
; Allow Any ROM Size For Recognition                                         ; Off                ; Off                ;
; Allow Any Shift Register Size For Recognition                              ; Off                ; Off                ;
; Use LogicLock Constraints during Resource Balancing                        ; On                 ; On                 ;
; Ignore translate_off and synthesis_off directives                          ; Off                ; Off                ;
; Timing-Driven Synthesis                                                    ; Off                ; Off                ;
; Report Parameter Settings                                                  ; On                 ; On                 ;
; Report Source Assignments                                                  ; On                 ; On                 ;
; Report Connectivity Checks                                                 ; On                 ; On                 ;
; Ignore Maximum Fan-Out Assignments                                         ; Off                ; Off                ;
; Synchronization Register Chain Length                                      ; 2                  ; 2                  ;
; PowerPlay Power Optimization                                               ; Normal compilation ; Normal compilation ;
; HDL message level                                                          ; Level2             ; Level2             ;
; Suppress Register Optimization Related Messages                            ; Off                ; Off                ;
; Number of Removed Registers Reported in Synthesis Report                   ; 5000               ; 5000               ;
; Number of Swept Nodes Reported in Synthesis Report                         ; 5000               ; 5000               ;
; Number of Inverted Registers Reported in Synthesis Report                  ; 100                ; 100                ;
; Clock MUX Protection                                                       ; On                 ; On                 ;
; Auto Gated Clock Conversion                                                ; Off                ; Off                ;
; Block Design Naming                                                        ; Auto               ; Auto               ;
; SDC constraint protection                                                  ; Off                ; Off                ;
; Synthesis Effort                                                           ; Auto               ; Auto               ;
; Shift Register Replacement - Allow Asynchronous Clear Signal               ; On                 ; On                 ;
; Pre-Mapping Resynthesis Optimization                                       ; Off                ; Off                ;
; Analysis & Synthesis Message Level                                         ; Medium             ; Medium             ;
; Disable Register Merging Across Hierarchies                                ; Auto               ; Auto               ;
; Resource Aware Inference For Block RAM                                     ; On                 ; On                 ;
; Synthesis Seed                                                             ; 1                  ; 1                  ;
+----------------------------------------------------------------------------+--------------------+--------------------+


Parallel compilation was disabled, but you have multiple processors available. Enable parallel compilation to reduce compilation time.
+-------------------------------------+
; Parallel Compilation                ;
+----------------------------+--------+
; Processors                 ; Number ;
+----------------------------+--------+
; Number detected on machine ; 4      ;
; Maximum allowed            ; 1      ;
+----------------------------+--------+


+----------------------------------------------------------------------------------------------------------------------------------------------------------------------------+
; Analysis & Synthesis Source Files Read                                                                                                                                     ;
+----------------------------------+-----------------+-----------------+-------------------------------------------------------------------------------------------+---------+
; File Name with User-Entered Path ; Used in Netlist ; File Type       ; File Name with Absolute Path                                                              ; Library ;
+----------------------------------+-----------------+-----------------+-------------------------------------------------------------------------------------------+---------+
; add_9.vhd                        ; yes             ; User VHDL File  ; C:/Users/jeffi/Google Drive/01 - UFRN/2019.2/Sist. Digitais/Projeto/VHDL/ULA/add_9.vhd    ;         ;
; sub_9.vhd                        ; yes             ; User VHDL File  ; C:/Users/jeffi/Google Drive/01 - UFRN/2019.2/Sist. Digitais/Projeto/VHDL/ULA/sub_9.vhd    ;         ;
; sll_9.vhd                        ; yes             ; User VHDL File  ; C:/Users/jeffi/Google Drive/01 - UFRN/2019.2/Sist. Digitais/Projeto/VHDL/ULA/sll_9.vhd    ;         ;
; sra_9.vhd                        ; yes             ; User VHDL File  ; C:/Users/jeffi/Google Drive/01 - UFRN/2019.2/Sist. Digitais/Projeto/VHDL/ULA/sra_9.vhd    ;         ;
; srl_9.vhd                        ; yes             ; User VHDL File  ; C:/Users/jeffi/Google Drive/01 - UFRN/2019.2/Sist. Digitais/Projeto/VHDL/ULA/srl_9.vhd    ;         ;
; ula.vhd                          ; yes             ; User VHDL File  ; C:/Users/jeffi/Google Drive/01 - UFRN/2019.2/Sist. Digitais/Projeto/VHDL/ULA/ula.vhd      ;         ;
; xor_9.vhd                        ; yes             ; User VHDL File  ; C:/Users/jeffi/Google Drive/01 - UFRN/2019.2/Sist. Digitais/Projeto/VHDL/ULA/xor_9.vhd    ;         ;
; or_9.vhd                         ; yes             ; User VHDL File  ; C:/Users/jeffi/Google Drive/01 - UFRN/2019.2/Sist. Digitais/Projeto/VHDL/ULA/or_9.vhd     ;         ;
; and_9.vhd                        ; yes             ; User VHDL File  ; C:/Users/jeffi/Google Drive/01 - UFRN/2019.2/Sist. Digitais/Projeto/VHDL/ULA/and_9.vhd    ;         ;
; mux8x1_9.vhd                     ; yes             ; User VHDL File  ; C:/Users/jeffi/Google Drive/01 - UFRN/2019.2/Sist. Digitais/Projeto/VHDL/ULA/mux8x1_9.vhd ;         ;
+----------------------------------+-----------------+-----------------+-------------------------------------------------------------------------------------------+---------+


+-------------------------------------------------------------+
; Analysis & Synthesis Resource Usage Summary                 ;
+---------------------------------------------+---------------+
; Resource                                    ; Usage         ;
+---------------------------------------------+---------------+
; Estimated Total logic elements              ; 139           ;
;                                             ;               ;
; Total combinational functions               ; 139           ;
; Logic element usage by number of LUT inputs ;               ;
;     -- 4 input functions                    ; 88            ;
;     -- 3 input functions                    ; 26            ;
;     -- <=2 input functions                  ; 25            ;
;                                             ;               ;
; Logic elements by mode                      ;               ;
;     -- normal mode                          ; 130           ;
;     -- arithmetic mode                      ; 9             ;
;                                             ;               ;
; Total registers                             ; 0             ;
;     -- Dedicated logic registers            ; 0             ;
;     -- I/O registers                        ; 0             ;
;                                             ;               ;
; I/O pins                                    ; 30            ;
; Embedded Multiplier 9-bit elements          ; 0             ;
; Maximum fan-out node                        ; ula_opcode[0] ;
; Maximum fan-out                             ; 41            ;
; Total fan-out                               ; 491           ;
; Average fan-out                             ; 2.91          ;
+---------------------------------------------+---------------+


+--------------------------------------------------------------------------------------------------------------------------------------------------------------------------------+
; Analysis & Synthesis Resource Utilization by Entity                                                                                                                            ;
+----------------------------+-------------------+--------------+-------------+--------------+---------+-----------+------+--------------+------------------------+--------------+
; Compilation Hierarchy Node ; LC Combinationals ; LC Registers ; Memory Bits ; DSP Elements ; DSP 9x9 ; DSP 18x18 ; Pins ; Virtual Pins ; Full Hierarchy Name    ; Library Name ;
+----------------------------+-------------------+--------------+-------------+--------------+---------+-----------+------+--------------+------------------------+--------------+
; |ula                       ; 139 (5)           ; 0 (0)        ; 0           ; 0            ; 0       ; 0         ; 30   ; 0            ; |ula                   ; work         ;
;    |mux8x1_9:mux_comp|     ; 63 (63)           ; 0 (0)        ; 0           ; 0            ; 0       ; 0         ; 0    ; 0            ; |ula|mux8x1_9:mux_comp ; work         ;
;    |sll_9:sll_comp|        ; 23 (23)           ; 0 (0)        ; 0           ; 0            ; 0       ; 0         ; 0    ; 0            ; |ula|sll_9:sll_comp    ; work         ;
;    |sra_9:sra_comp|        ; 11 (11)           ; 0 (0)        ; 0           ; 0            ; 0       ; 0         ; 0    ; 0            ; |ula|sra_9:sra_comp    ; work         ;
;    |srl_9:srl_comp|        ; 14 (14)           ; 0 (0)        ; 0           ; 0            ; 0       ; 0         ; 0    ; 0            ; |ula|srl_9:srl_comp    ; work         ;
;    |sub_9:sub_comp|        ; 19 (19)           ; 0 (0)        ; 0           ; 0            ; 0       ; 0         ; 0    ; 0            ; |ula|sub_9:sub_comp    ; work         ;
;    |xor_9:xor_comp|        ; 4 (4)             ; 0 (0)        ; 0           ; 0            ; 0       ; 0         ; 0    ; 0            ; |ula|xor_9:xor_comp    ; work         ;
+----------------------------+-------------------+--------------+-------------+--------------+---------+-----------+------+--------------+------------------------+--------------+
Note: For table entries with two numbers listed, the numbers in parentheses indicate the number of resources of the given type used by the specific entity alone. The numbers listed outside of parentheses indicate the total resources of the given type used by the specific entity and all of its sub-entities in the hierarchy.


+------------------------------------------------------+
; General Register Statistics                          ;
+----------------------------------------------+-------+
; Statistic                                    ; Value ;
+----------------------------------------------+-------+
; Total registers                              ; 0     ;
; Number of registers using Synchronous Clear  ; 0     ;
; Number of registers using Synchronous Load   ; 0     ;
; Number of registers using Asynchronous Clear ; 0     ;
; Number of registers using Asynchronous Load  ; 0     ;
; Number of registers using Clock Enable       ; 0     ;
; Number of registers using Preset             ; 0     ;
+----------------------------------------------+-------+


+-------------------------------------------------------------------------------------------------------------------------------------------+
; Multiplexer Restructuring Statistics (Restructuring Performed)                                                                            ;
+--------------------+-----------+---------------+----------------------+------------------------+------------+-----------------------------+
; Multiplexer Inputs ; Bus Width ; Baseline Area ; Area if Restructured ; Saving if Restructured ; Registered ; Example Multiplexer Output  ;
+--------------------+-----------+---------------+----------------------+------------------------+------------+-----------------------------+
; 17:1               ; 2 bits    ; 22 LEs        ; 12 LEs               ; 10 LEs                 ; No         ; |ula|mux8x1_9:mux_comp|Mux5 ;
+--------------------+-----------+---------------+----------------------+------------------------+------------+-----------------------------+


+-------------------------------+
; Elapsed Time Per Partition    ;
+----------------+--------------+
; Partition Name ; Elapsed Time ;
+----------------+--------------+
; Top            ; 00:00:01     ;
+----------------+--------------+


+-------------------------------+
; Analysis & Synthesis Messages ;
+-------------------------------+
Info: *******************************************************************
Info: Running Quartus II 64-Bit Analysis & Synthesis
    Info: Version 13.0.1 Build 232 06/12/2013 Service Pack 1 SJ Web Edition
    Info: Processing started: Mon Oct 28 22:40:13 2019
Info: Command: quartus_map --read_settings_files=on --write_settings_files=off ULA -c ULA
Warning (20028): Parallel compilation is not licensed and has been disabled
Info (12021): Found 2 design units, including 1 entities, in source file add_9.vhd
    Info (12022): Found design unit 1: add_9-arc_add9
    Info (12023): Found entity 1: add_9
Info (12021): Found 2 design units, including 1 entities, in source file sub_9.vhd
    Info (12022): Found design unit 1: sub_9-arc_sub9
    Info (12023): Found entity 1: sub_9
Info (12021): Found 2 design units, including 1 entities, in source file sll_9.vhd
    Info (12022): Found design unit 1: sll_9-arc_sll9
    Info (12023): Found entity 1: sll_9
Info (12021): Found 2 design units, including 1 entities, in source file sra_9.vhd
    Info (12022): Found design unit 1: sra_9-arc_sra9
    Info (12023): Found entity 1: sra_9
Info (12021): Found 2 design units, including 1 entities, in source file srl_9.vhd
    Info (12022): Found design unit 1: srl_9-arc_srl9
    Info (12023): Found entity 1: srl_9
Info (12021): Found 2 design units, including 1 entities, in source file ula.vhd
    Info (12022): Found design unit 1: ula-arc_ula
    Info (12023): Found entity 1: ula
Info (12021): Found 2 design units, including 1 entities, in source file xor_9.vhd
    Info (12022): Found design unit 1: xor_9-arc_xor9
    Info (12023): Found entity 1: xor_9
Info (12021): Found 2 design units, including 1 entities, in source file or_9.vhd
    Info (12022): Found design unit 1: or_9-arc_or9
    Info (12023): Found entity 1: or_9
Info (12021): Found 2 design units, including 1 entities, in source file and_9.vhd
    Info (12022): Found design unit 1: and_9-arc_and9
    Info (12023): Found entity 1: and_9
Info (12021): Found 2 design units, including 1 entities, in source file mux8x1_9.vhd
    Info (12022): Found design unit 1: mux8x1_9-arc_mux8x1_9
    Info (12023): Found entity 1: mux8x1_9
Info (12127): Elaborating entity "ula" for the top level hierarchy
Warning (10492): VHDL Process Statement warning at ula.vhd(100): signal "ula_out_9" is read inside the Process Statement but isn't in the Process Statement's sensitivity list
Warning (10492): VHDL Process Statement warning at ula.vhd(107): signal "ula_out_9" is read inside the Process Statement but isn't in the Process Statement's sensitivity list
Warning (10492): VHDL Process Statement warning at ula.vhd(113): signal "ula_out_9" is read inside the Process Statement but isn't in the Process Statement's sensitivity list
Info (12128): Elaborating entity "add_9" for hierarchy "add_9:add_comp"
Info (12128): Elaborating entity "sub_9" for hierarchy "sub_9:sub_comp"
Info (12128): Elaborating entity "and_9" for hierarchy "and_9:and_comp"
Info (12128): Elaborating entity "or_9" for hierarchy "or_9:or_comp"
Info (12128): Elaborating entity "xor_9" for hierarchy "xor_9:xor_comp"
Info (12128): Elaborating entity "srl_9" for hierarchy "srl_9:srl_comp"
Info (12128): Elaborating entity "sll_9" for hierarchy "sll_9:sll_comp"
Info (12128): Elaborating entity "sra_9" for hierarchy "sra_9:sra_comp"
Info (12128): Elaborating entity "mux8x1_9" for hierarchy "mux8x1_9:mux_comp"
Info (16010): Generating hard_block partition "hard_block:auto_generated_inst"
    Info (16011): Adding 0 node(s), including 0 DDIO, 0 PLL, 0 transceiver and 0 LCELL
Info (21057): Implemented 169 device resources after synthesis - the final resource count might be different
    Info (21058): Implemented 19 input pins
    Info (21059): Implemented 11 output pins
    Info (21061): Implemented 139 logic cells
Info: Quartus II 64-Bit Analysis & Synthesis was successful. 0 errors, 4 warnings
    Info: Peak virtual memory: 4646 megabytes
    Info: Processing ended: Mon Oct 28 22:40:17 2019
    Info: Elapsed time: 00:00:04
    Info: Total CPU time (on all processors): 00:00:04


